<?xml version="1.0" encoding="UTF-8"?>
<!-- Generated by org.testng.reporters.JUnitReportReporter -->
<testsuite hostname="DESKTOP-0FC8C65" failures="0" tests="3" name="testCases.loginPageTest" time="2.124" errors="0" timestamp="2022-09-18T19:51:00 CDT" skipped="0">
  <testcase classname="testCases.loginPageTest" name="testUsernameField" time="0.377"/>
  <system-out/>
  <testcase classname="testCases.loginPageTest" name="testPasswordField" time="0.245"/>
  <system-out/>
  <testcase classname="testCases.loginPageTest" name="testSignbutton" time="1.502"/>
  <system-out/>
</testsuite> <!-- testCases.loginPageTest -->
